Arguments: 
  /usr/local/Cellar/node/8.7.0/bin/node /usr/local/Cellar/yarn/1.2.1/libexec/bin/yarn.js install --mutex network:42424 --non-interactive

PATH: 
  /private/var/rafaelcalpena/projects/monorepo/packages/custom-node-module/node_modules/.bin:/private/var/rafaelcalpena/projects/monorepo/packages/node_modules/.bin:/private/var/rafaelcalpena/projects/monorepo/node_modules/.bin:/private/var/rafaelcalpena/projects/node_modules/.bin:/private/var/rafaelcalpena/node_modules/.bin:/private/var/node_modules/.bin:/private/node_modules/.bin:/node_modules/.bin:/usr/local/Cellar/node/8.7.0/bin:/usr/local/bin:/usr/local/bin:/usr/bin:/bin:/usr/sbin:/sbin

Yarn version: 
  1.2.1

Node version: 
  8.7.0

Platform: 
  darwin x64

npm manifest: 
  {
  	"dependencies": {
  		"@rafaelcalpena/lembreti-universal": "^0.0.1"
  	}
  }

yarn manifest: 
  No manifest

Lockfile: 
  No lockfile

Trace: 
  Error: https://registry.yarnpkg.com/@rafaelcalpena%2flembreti-universal: Not found
      at Request.params.callback [as _callback] (/usr/local/Cellar/yarn/1.2.1/libexec/lib/cli.js:62027:18)
      at Request.self.callback (/usr/local/Cellar/yarn/1.2.1/libexec/lib/cli.js:123011:22)
      at emitTwo (events.js:125:13)
      at Request.emit (events.js:213:7)
      at Request.<anonymous> (/usr/local/Cellar/yarn/1.2.1/libexec/lib/cli.js:123994:10)
      at emitOne (events.js:115:13)
      at Request.emit (events.js:210:7)
      at IncomingMessage.<anonymous> (/usr/local/Cellar/yarn/1.2.1/libexec/lib/cli.js:123914:12)
      at Object.onceWrapper (events.js:314:30)
      at emitNone (events.js:110:20)
